2016-04-19 11:55:15,699 [main] INFO  org.apache.curator.framework.imps.CuratorFrameworkImpl- Starting
2016-04-19 11:55:15,714 [main] INFO  org.apache.zookeeper.ZooKeeper- Client environment:zookeeper.version=3.4.6-1569965, built on 02/20/2014 09:09 GMT
2016-04-19 11:55:15,715 [main] INFO  org.apache.zookeeper.ZooKeeper- Client environment:host.name=XJK-20160317FOD
2016-04-19 11:55:15,715 [main] INFO  org.apache.zookeeper.ZooKeeper- Client environment:java.version=1.8.0_74
2016-04-19 11:55:15,715 [main] INFO  org.apache.zookeeper.ZooKeeper- Client environment:java.vendor=Oracle Corporation
2016-04-19 11:55:15,716 [main] INFO  org.apache.zookeeper.ZooKeeper- Client environment:java.home=C:\Program Files\Java\jre1.8.0_74
2016-04-19 11:55:15,716 [main] INFO  org.apache.zookeeper.ZooKeeper- Client environment:java.class.path=D:\github\padis\padis-client\target\test-classes;D:\github\padis\padis-client\target\classes;D:\Users\707XB82\.m2\repository\junit\junit\4.8.1\junit-4.8.1.jar;D:\Users\707XB82\.m2\repository\com\alibaba\fastjson\1.2.8\fastjson-1.2.8.jar;D:\Users\707XB82\.m2\repository\org\slf4j\slf4j-api\1.6.1\slf4j-api-1.6.1.jar;D:\Users\707XB82\.m2\repository\ch\qos\logback\logback-classic\1.0.9\logback-classic-1.0.9.jar;D:\Users\707XB82\.m2\repository\ch\qos\logback\logback-core\1.0.9\logback-core-1.0.9.jar;D:\Users\707XB82\.m2\repository\org\apache\curator\curator-framework\2.10.0\curator-framework-2.10.0.jar;D:\Users\707XB82\.m2\repository\org\apache\curator\curator-client\2.10.0\curator-client-2.10.0.jar;D:\Users\707XB82\.m2\repository\org\apache\zookeeper\zookeeper\3.4.6\zookeeper-3.4.6.jar;D:\Users\707XB82\.m2\repository\log4j\log4j\1.2.16\log4j-1.2.16.jar;D:\Users\707XB82\.m2\repository\jline\jline\0.9.94\jline-0.9.94.jar;D:\Users\707XB82\.m2\repository\io\netty\netty\3.7.0.Final\netty-3.7.0.Final.jar;D:\Users\707XB82\.m2\repository\org\apache\curator\curator-recipes\2.10.0\curator-recipes-2.10.0.jar;D:\Users\707XB82\.m2\repository\org\apache\curator\curator-test\2.10.0\curator-test-2.10.0.jar;D:\Users\707XB82\.m2\repository\org\javassist\javassist\3.18.1-GA\javassist-3.18.1-GA.jar;D:\Users\707XB82\.m2\repository\org\apache\commons\commons-math\2.2\commons-math-2.2.jar;D:\Users\707XB82\.m2\repository\com\google\guava\guava\17.0\guava-17.0.jar;D:\Users\707XB82\.m2\repository\org\projectlombok\lombok\1.16.4\lombok-1.16.4.jar
2016-04-19 11:55:15,716 [main] INFO  org.apache.zookeeper.ZooKeeper- Client environment:java.library.path=C:\Program Files\Java\jre1.8.0_74\bin;C:\Windows\Sun\Java\bin;C:\Windows\system32;C:\Windows;C:\ProgramData\Oracle\Java\javapath;C:\Windows\system32;C:\Windows;C:\Windows\System32\Wbem;C:\Windows\System32\WindowsPowerShell\v1.0\;C:\Program Files (x86)\scala\bin;D:\Program\apache-maven-3.3.9\bin;.
2016-04-19 11:55:15,716 [main] INFO  org.apache.zookeeper.ZooKeeper- Client environment:java.io.tmpdir=D:\Users\707XB82\AppData\Local\Temp\
2016-04-19 11:55:15,716 [main] INFO  org.apache.zookeeper.ZooKeeper- Client environment:java.compiler=<NA>
2016-04-19 11:55:15,717 [main] INFO  org.apache.zookeeper.ZooKeeper- Client environment:os.name=Windows 7
2016-04-19 11:55:15,717 [main] INFO  org.apache.zookeeper.ZooKeeper- Client environment:os.arch=amd64
2016-04-19 11:55:15,717 [main] INFO  org.apache.zookeeper.ZooKeeper- Client environment:os.version=6.1
2016-04-19 11:55:15,717 [main] INFO  org.apache.zookeeper.ZooKeeper- Client environment:user.name=707XB82
2016-04-19 11:55:15,717 [main] INFO  org.apache.zookeeper.ZooKeeper- Client environment:user.home=D:\Users\707XB82
2016-04-19 11:55:15,717 [main] INFO  org.apache.zookeeper.ZooKeeper- Client environment:user.dir=D:\github\padis\padis-client
2016-04-19 11:55:15,718 [main] INFO  org.apache.zookeeper.ZooKeeper- Initiating client connection, connectString=localhost:2181 sessionTimeout=60000 watcher=org.apache.curator.ConnectionState@64bf3bbf
2016-04-19 11:55:15,808 [main-SendThread(127.0.0.1:2181)] INFO  org.apache.zookeeper.ClientCnxn- Opening socket connection to server 127.0.0.1/127.0.0.1:2181. Will not attempt to authenticate using SASL (unknown error)
2016-04-19 11:55:15,811 [main-SendThread(127.0.0.1:2181)] INFO  org.apache.zookeeper.ClientCnxn- Socket connection established to 127.0.0.1/127.0.0.1:2181, initiating session
2016-04-19 11:55:16,033 [main-SendThread(127.0.0.1:2181)] INFO  org.apache.zookeeper.ClientCnxn- Session establishment complete on server 127.0.0.1/127.0.0.1:2181, sessionid = 0x15403419f89004f, negotiated timeout = 40000
2016-04-19 11:55:16,037 [main-EventThread] INFO  org.apache.curator.framework.state.ConnectionStateManager- State change: CONNECTED
2016-04-19 11:55:16,324 [Curator-TreeCache-1] ERROR com.pingan.jinke.infra.padis.group.GroupListenerManager- update group fail!
com.alibaba.fastjson.JSONException: syntax error, expect {, actual EOF, pos 0
	at com.alibaba.fastjson.parser.deserializer.JavaBeanDeserializer.deserialze(JavaBeanDeserializer.java:233) ~[fastjson-1.2.8.jar:na]
	at com.alibaba.fastjson.parser.deserializer.ASMJavaBeanDeserializer.parseRest(ASMJavaBeanDeserializer.java:101) ~[fastjson-1.2.8.jar:na]
	at Fastjson_ASM_Group_1.deserialze(Unknown Source) ~[na:na]
	at com.alibaba.fastjson.parser.DefaultJSONParser.parseObject(DefaultJSONParser.java:556) ~[fastjson-1.2.8.jar:na]
	at com.alibaba.fastjson.JSON.parseObject(JSON.java:251) ~[fastjson-1.2.8.jar:na]
	at com.alibaba.fastjson.JSON.parseObject(JSON.java:227) ~[fastjson-1.2.8.jar:na]
	at com.alibaba.fastjson.JSON.parseObject(JSON.java:186) ~[fastjson-1.2.8.jar:na]
	at com.alibaba.fastjson.JSON.parseObject(JSON.java:304) ~[fastjson-1.2.8.jar:na]
	at com.pingan.jinke.infra.padis.group.GroupListenerManager$GroupStatusListener.dataChanged(GroupListenerManager.java:49) ~[classes/:na]
	at com.pingan.jinke.infra.padis.common.AbstractNodeListener.childEvent(AbstractNodeListener.java:20) [classes/:na]
	at org.apache.curator.framework.recipes.cache.TreeCache$2.apply(TreeCache.java:732) [curator-recipes-2.10.0.jar:na]
	at org.apache.curator.framework.recipes.cache.TreeCache$2.apply(TreeCache.java:726) [curator-recipes-2.10.0.jar:na]
	at org.apache.curator.framework.listen.ListenerContainer$1.run(ListenerContainer.java:93) [curator-framework-2.10.0.jar:na]
	at com.google.common.util.concurrent.MoreExecutors$SameThreadExecutorService.execute(MoreExecutors.java:297) [guava-17.0.jar:na]
	at org.apache.curator.framework.listen.ListenerContainer.forEach(ListenerContainer.java:85) [curator-framework-2.10.0.jar:na]
	at org.apache.curator.framework.recipes.cache.TreeCache.callListeners(TreeCache.java:725) [curator-recipes-2.10.0.jar:na]
	at org.apache.curator.framework.recipes.cache.TreeCache.access$1400(TreeCache.java:71) [curator-recipes-2.10.0.jar:na]
	at org.apache.curator.framework.recipes.cache.TreeCache$4.run(TreeCache.java:843) [curator-recipes-2.10.0.jar:na]
	at java.util.concurrent.Executors$RunnableAdapter.call(Unknown Source) [na:1.8.0_74]
	at java.util.concurrent.FutureTask.run(Unknown Source) [na:1.8.0_74]
	at java.util.concurrent.Executors$RunnableAdapter.call(Unknown Source) [na:1.8.0_74]
	at java.util.concurrent.FutureTask.run(Unknown Source) [na:1.8.0_74]
	at java.util.concurrent.ThreadPoolExecutor.runWorker(Unknown Source) [na:1.8.0_74]
	at java.util.concurrent.ThreadPoolExecutor$Worker.run(Unknown Source) [na:1.8.0_74]
	at java.lang.Thread.run(Unknown Source) [na:1.8.0_74]
2016-04-19 11:55:16,330 [Curator-TreeCache-1] ERROR com.pingan.jinke.infra.padis.group.GroupListenerManager- update group fail!
java.lang.NullPointerException: null
	at com.pingan.jinke.infra.padis.group.GroupListenerManager$GroupStatusListener.dataChanged(GroupListenerManager.java:67) ~[classes/:na]
	at com.pingan.jinke.infra.padis.common.AbstractNodeListener.childEvent(AbstractNodeListener.java:20) [classes/:na]
	at org.apache.curator.framework.recipes.cache.TreeCache$2.apply(TreeCache.java:732) [curator-recipes-2.10.0.jar:na]
	at org.apache.curator.framework.recipes.cache.TreeCache$2.apply(TreeCache.java:726) [curator-recipes-2.10.0.jar:na]
	at org.apache.curator.framework.listen.ListenerContainer$1.run(ListenerContainer.java:93) [curator-framework-2.10.0.jar:na]
	at com.google.common.util.concurrent.MoreExecutors$SameThreadExecutorService.execute(MoreExecutors.java:297) [guava-17.0.jar:na]
	at org.apache.curator.framework.listen.ListenerContainer.forEach(ListenerContainer.java:85) [curator-framework-2.10.0.jar:na]
	at org.apache.curator.framework.recipes.cache.TreeCache.callListeners(TreeCache.java:725) [curator-recipes-2.10.0.jar:na]
	at org.apache.curator.framework.recipes.cache.TreeCache.access$1400(TreeCache.java:71) [curator-recipes-2.10.0.jar:na]
	at org.apache.curator.framework.recipes.cache.TreeCache$4.run(TreeCache.java:843) [curator-recipes-2.10.0.jar:na]
	at java.util.concurrent.Executors$RunnableAdapter.call(Unknown Source) [na:1.8.0_74]
	at java.util.concurrent.FutureTask.run(Unknown Source) [na:1.8.0_74]
	at java.util.concurrent.Executors$RunnableAdapter.call(Unknown Source) [na:1.8.0_74]
	at java.util.concurrent.FutureTask.run(Unknown Source) [na:1.8.0_74]
	at java.util.concurrent.ThreadPoolExecutor.runWorker(Unknown Source) [na:1.8.0_74]
	at java.util.concurrent.ThreadPoolExecutor$Worker.run(Unknown Source) [na:1.8.0_74]
	at java.lang.Thread.run(Unknown Source) [na:1.8.0_74]
2016-04-19 11:55:16,331 [Curator-TreeCache-1] ERROR com.pingan.jinke.infra.padis.group.GroupListenerManager- update group fail!
java.lang.NullPointerException: null
	at com.pingan.jinke.infra.padis.group.GroupListenerManager$GroupStatusListener.dataChanged(GroupListenerManager.java:67) ~[classes/:na]
	at com.pingan.jinke.infra.padis.common.AbstractNodeListener.childEvent(AbstractNodeListener.java:20) [classes/:na]
	at org.apache.curator.framework.recipes.cache.TreeCache$2.apply(TreeCache.java:732) [curator-recipes-2.10.0.jar:na]
	at org.apache.curator.framework.recipes.cache.TreeCache$2.apply(TreeCache.java:726) [curator-recipes-2.10.0.jar:na]
	at org.apache.curator.framework.listen.ListenerContainer$1.run(ListenerContainer.java:93) [curator-framework-2.10.0.jar:na]
	at com.google.common.util.concurrent.MoreExecutors$SameThreadExecutorService.execute(MoreExecutors.java:297) [guava-17.0.jar:na]
	at org.apache.curator.framework.listen.ListenerContainer.forEach(ListenerContainer.java:85) [curator-framework-2.10.0.jar:na]
	at org.apache.curator.framework.recipes.cache.TreeCache.callListeners(TreeCache.java:725) [curator-recipes-2.10.0.jar:na]
	at org.apache.curator.framework.recipes.cache.TreeCache.access$1400(TreeCache.java:71) [curator-recipes-2.10.0.jar:na]
	at org.apache.curator.framework.recipes.cache.TreeCache$4.run(TreeCache.java:843) [curator-recipes-2.10.0.jar:na]
	at java.util.concurrent.Executors$RunnableAdapter.call(Unknown Source) [na:1.8.0_74]
	at java.util.concurrent.FutureTask.run(Unknown Source) [na:1.8.0_74]
	at java.util.concurrent.Executors$RunnableAdapter.call(Unknown Source) [na:1.8.0_74]
	at java.util.concurrent.FutureTask.run(Unknown Source) [na:1.8.0_74]
	at java.util.concurrent.ThreadPoolExecutor.runWorker(Unknown Source) [na:1.8.0_74]
	at java.util.concurrent.ThreadPoolExecutor$Worker.run(Unknown Source) [na:1.8.0_74]
	at java.lang.Thread.run(Unknown Source) [na:1.8.0_74]
2016-04-19 11:55:16,333 [Curator-TreeCache-1] ERROR com.pingan.jinke.infra.padis.group.GroupListenerManager- update group fail!
java.lang.NullPointerException: null
	at com.pingan.jinke.infra.padis.group.GroupListenerManager$GroupStatusListener.dataChanged(GroupListenerManager.java:67) ~[classes/:na]
	at com.pingan.jinke.infra.padis.common.AbstractNodeListener.childEvent(AbstractNodeListener.java:20) [classes/:na]
	at org.apache.curator.framework.recipes.cache.TreeCache$2.apply(TreeCache.java:732) [curator-recipes-2.10.0.jar:na]
	at org.apache.curator.framework.recipes.cache.TreeCache$2.apply(TreeCache.java:726) [curator-recipes-2.10.0.jar:na]
	at org.apache.curator.framework.listen.ListenerContainer$1.run(ListenerContainer.java:93) [curator-framework-2.10.0.jar:na]
	at com.google.common.util.concurrent.MoreExecutors$SameThreadExecutorService.execute(MoreExecutors.java:297) [guava-17.0.jar:na]
	at org.apache.curator.framework.listen.ListenerContainer.forEach(ListenerContainer.java:85) [curator-framework-2.10.0.jar:na]
	at org.apache.curator.framework.recipes.cache.TreeCache.callListeners(TreeCache.java:725) [curator-recipes-2.10.0.jar:na]
	at org.apache.curator.framework.recipes.cache.TreeCache.access$1400(TreeCache.java:71) [curator-recipes-2.10.0.jar:na]
	at org.apache.curator.framework.recipes.cache.TreeCache$4.run(TreeCache.java:843) [curator-recipes-2.10.0.jar:na]
	at java.util.concurrent.Executors$RunnableAdapter.call(Unknown Source) [na:1.8.0_74]
	at java.util.concurrent.FutureTask.run(Unknown Source) [na:1.8.0_74]
	at java.util.concurrent.Executors$RunnableAdapter.call(Unknown Source) [na:1.8.0_74]
	at java.util.concurrent.FutureTask.run(Unknown Source) [na:1.8.0_74]
	at java.util.concurrent.ThreadPoolExecutor.runWorker(Unknown Source) [na:1.8.0_74]
	at java.util.concurrent.ThreadPoolExecutor$Worker.run(Unknown Source) [na:1.8.0_74]
	at java.lang.Thread.run(Unknown Source) [na:1.8.0_74]
2016-04-19 11:55:16,334 [Curator-TreeCache-1] ERROR com.pingan.jinke.infra.padis.group.GroupListenerManager- update group fail!
java.lang.NullPointerException: null
	at com.pingan.jinke.infra.padis.group.GroupListenerManager$GroupStatusListener.dataChanged(GroupListenerManager.java:67) ~[classes/:na]
	at com.pingan.jinke.infra.padis.common.AbstractNodeListener.childEvent(AbstractNodeListener.java:20) [classes/:na]
	at org.apache.curator.framework.recipes.cache.TreeCache$2.apply(TreeCache.java:732) [curator-recipes-2.10.0.jar:na]
	at org.apache.curator.framework.recipes.cache.TreeCache$2.apply(TreeCache.java:726) [curator-recipes-2.10.0.jar:na]
	at org.apache.curator.framework.listen.ListenerContainer$1.run(ListenerContainer.java:93) [curator-framework-2.10.0.jar:na]
	at com.google.common.util.concurrent.MoreExecutors$SameThreadExecutorService.execute(MoreExecutors.java:297) [guava-17.0.jar:na]
	at org.apache.curator.framework.listen.ListenerContainer.forEach(ListenerContainer.java:85) [curator-framework-2.10.0.jar:na]
	at org.apache.curator.framework.recipes.cache.TreeCache.callListeners(TreeCache.java:725) [curator-recipes-2.10.0.jar:na]
	at org.apache.curator.framework.recipes.cache.TreeCache.access$1400(TreeCache.java:71) [curator-recipes-2.10.0.jar:na]
	at org.apache.curator.framework.recipes.cache.TreeCache$4.run(TreeCache.java:843) [curator-recipes-2.10.0.jar:na]
	at java.util.concurrent.Executors$RunnableAdapter.call(Unknown Source) [na:1.8.0_74]
	at java.util.concurrent.FutureTask.run(Unknown Source) [na:1.8.0_74]
	at java.util.concurrent.Executors$RunnableAdapter.call(Unknown Source) [na:1.8.0_74]
	at java.util.concurrent.FutureTask.run(Unknown Source) [na:1.8.0_74]
	at java.util.concurrent.ThreadPoolExecutor.runWorker(Unknown Source) [na:1.8.0_74]
	at java.util.concurrent.ThreadPoolExecutor$Worker.run(Unknown Source) [na:1.8.0_74]
	at java.lang.Thread.run(Unknown Source) [na:1.8.0_74]
2016-04-19 11:55:48,334 [main] INFO  org.apache.curator.framework.imps.CuratorFrameworkImpl- Starting
2016-04-19 11:55:48,350 [main] INFO  org.apache.zookeeper.ZooKeeper- Client environment:zookeeper.version=3.4.6-1569965, built on 02/20/2014 09:09 GMT
2016-04-19 11:55:48,350 [main] INFO  org.apache.zookeeper.ZooKeeper- Client environment:host.name=XJK-20160317FOD
2016-04-19 11:55:48,350 [main] INFO  org.apache.zookeeper.ZooKeeper- Client environment:java.version=1.8.0_74
2016-04-19 11:55:48,350 [main] INFO  org.apache.zookeeper.ZooKeeper- Client environment:java.vendor=Oracle Corporation
2016-04-19 11:55:48,351 [main] INFO  org.apache.zookeeper.ZooKeeper- Client environment:java.home=C:\Program Files\Java\jre1.8.0_74
2016-04-19 11:55:48,351 [main] INFO  org.apache.zookeeper.ZooKeeper- Client environment:java.class.path=D:\github\padis\padis-client\target\test-classes;D:\github\padis\padis-client\target\classes;D:\Users\707XB82\.m2\repository\junit\junit\4.8.1\junit-4.8.1.jar;D:\Users\707XB82\.m2\repository\com\alibaba\fastjson\1.2.8\fastjson-1.2.8.jar;D:\Users\707XB82\.m2\repository\org\slf4j\slf4j-api\1.6.1\slf4j-api-1.6.1.jar;D:\Users\707XB82\.m2\repository\ch\qos\logback\logback-classic\1.0.9\logback-classic-1.0.9.jar;D:\Users\707XB82\.m2\repository\ch\qos\logback\logback-core\1.0.9\logback-core-1.0.9.jar;D:\Users\707XB82\.m2\repository\org\apache\curator\curator-framework\2.10.0\curator-framework-2.10.0.jar;D:\Users\707XB82\.m2\repository\org\apache\curator\curator-client\2.10.0\curator-client-2.10.0.jar;D:\Users\707XB82\.m2\repository\org\apache\zookeeper\zookeeper\3.4.6\zookeeper-3.4.6.jar;D:\Users\707XB82\.m2\repository\log4j\log4j\1.2.16\log4j-1.2.16.jar;D:\Users\707XB82\.m2\repository\jline\jline\0.9.94\jline-0.9.94.jar;D:\Users\707XB82\.m2\repository\io\netty\netty\3.7.0.Final\netty-3.7.0.Final.jar;D:\Users\707XB82\.m2\repository\org\apache\curator\curator-recipes\2.10.0\curator-recipes-2.10.0.jar;D:\Users\707XB82\.m2\repository\org\apache\curator\curator-test\2.10.0\curator-test-2.10.0.jar;D:\Users\707XB82\.m2\repository\org\javassist\javassist\3.18.1-GA\javassist-3.18.1-GA.jar;D:\Users\707XB82\.m2\repository\org\apache\commons\commons-math\2.2\commons-math-2.2.jar;D:\Users\707XB82\.m2\repository\com\google\guava\guava\17.0\guava-17.0.jar;D:\Users\707XB82\.m2\repository\org\projectlombok\lombok\1.16.4\lombok-1.16.4.jar
2016-04-19 11:55:48,351 [main] INFO  org.apache.zookeeper.ZooKeeper- Client environment:java.library.path=C:\Program Files\Java\jre1.8.0_74\bin;C:\Windows\Sun\Java\bin;C:\Windows\system32;C:\Windows;C:\ProgramData\Oracle\Java\javapath;C:\Windows\system32;C:\Windows;C:\Windows\System32\Wbem;C:\Windows\System32\WindowsPowerShell\v1.0\;C:\Program Files (x86)\scala\bin;D:\Program\apache-maven-3.3.9\bin;.
2016-04-19 11:55:48,351 [main] INFO  org.apache.zookeeper.ZooKeeper- Client environment:java.io.tmpdir=D:\Users\707XB82\AppData\Local\Temp\
2016-04-19 11:55:48,351 [main] INFO  org.apache.zookeeper.ZooKeeper- Client environment:java.compiler=<NA>
2016-04-19 11:55:48,351 [main] INFO  org.apache.zookeeper.ZooKeeper- Client environment:os.name=Windows 7
2016-04-19 11:55:48,351 [main] INFO  org.apache.zookeeper.ZooKeeper- Client environment:os.arch=amd64
2016-04-19 11:55:48,352 [main] INFO  org.apache.zookeeper.ZooKeeper- Client environment:os.version=6.1
2016-04-19 11:55:48,352 [main] INFO  org.apache.zookeeper.ZooKeeper- Client environment:user.name=707XB82
2016-04-19 11:55:48,352 [main] INFO  org.apache.zookeeper.ZooKeeper- Client environment:user.home=D:\Users\707XB82
2016-04-19 11:55:48,352 [main] INFO  org.apache.zookeeper.ZooKeeper- Client environment:user.dir=D:\github\padis\padis-client
2016-04-19 11:55:48,353 [main] INFO  org.apache.zookeeper.ZooKeeper- Initiating client connection, connectString=localhost:2181 sessionTimeout=60000 watcher=org.apache.curator.ConnectionState@148080bb
2016-04-19 11:55:48,433 [main-SendThread(0:0:0:0:0:0:0:1:2181)] INFO  org.apache.zookeeper.ClientCnxn- Opening socket connection to server 0:0:0:0:0:0:0:1/0:0:0:0:0:0:0:1:2181. Will not attempt to authenticate using SASL (unknown error)
2016-04-19 11:55:48,435 [main-SendThread(0:0:0:0:0:0:0:1:2181)] INFO  org.apache.zookeeper.ClientCnxn- Socket connection established to 0:0:0:0:0:0:0:1/0:0:0:0:0:0:0:1:2181, initiating session
2016-04-19 11:55:48,500 [main-SendThread(0:0:0:0:0:0:0:1:2181)] INFO  org.apache.zookeeper.ClientCnxn- Session establishment complete on server 0:0:0:0:0:0:0:1/0:0:0:0:0:0:0:1:2181, sessionid = 0x15403419f890050, negotiated timeout = 40000
2016-04-19 11:55:48,504 [main-EventThread] INFO  org.apache.curator.framework.state.ConnectionStateManager- State change: CONNECTED
